{"/development/aws-sso-creds-helper/src/utils.ts": {"path":"/development/aws-sso-creds-helper/src/utils.ts","statementMap":{"0":{"start":{"line":1,"column":0},"end":{"line":1,"column":75}},"1":{"start":{"line":2,"column":0},"end":{"line":2,"column":36}},"2":{"start":{"line":5,"column":13},"end":{"line":7,"column":2}},"3":{"start":{"line":6,"column":2},"end":{"line":6,"column":76}},"4":{"start":{"line":9,"column":13},"end":{"line":12,"column":2}},"5":{"start":{"line":10,"column":17},"end":{"line":10,"column":83}},"6":{"start":{"line":11,"column":2},"end":{"line":11,"column":16}},"7":{"start":{"line":14,"column":13},"end":{"line":16,"column":2}},"8":{"start":{"line":15,"column":2},"end":{"line":15,"column":30}},"9":{"start":{"line":18,"column":13},"end":{"line":26,"column":2}},"10":{"start":{"line":19,"column":2},"end":{"line":25,"column":null}},"11":{"start":{"line":20,"column":4},"end":{"line":24,"column":null}},"12":{"start":{"line":21,"column":6},"end":{"line":21,"column":51}},"13":{"start":{"line":23,"column":6},"end":{"line":23,"column":60}},"14":{"start":{"line":28,"column":13},"end":{"line":34,"column":2}},"15":{"start":{"line":29,"column":2},"end":{"line":33,"column":null}},"16":{"start":{"line":30,"column":4},"end":{"line":30,"column":36}},"17":{"start":{"line":32,"column":4},"end":{"line":32,"column":46}},"18":{"start":{"line":36,"column":13},"end":{"line":38,"column":2}},"19":{"start":{"line":37,"column":2},"end":{"line":37,"column":50}},"20":{"start":{"line":40,"column":13},"end":{"line":43,"column":2}},"21":{"start":{"line":41,"column":14},"end":{"line":41,"column":52}},"22":{"start":{"line":42,"column":2},"end":{"line":42,"column":39}},"23":{"start":{"line":45,"column":13},"end":{"line":51,"column":2}},"24":{"start":{"line":48,"column":2},"end":{"line":50,"column":4}}},"fnMap":{"0":{"name":"(anonymous_0)","decl":{"start":{"line":5,"column":27},"end":{"line":5,"column":31}},"loc":{"start":{"line":5,"column":58},"end":{"line":7,"column":1}}},"1":{"name":"(anonymous_1)","decl":{"start":{"line":9,"column":26},"end":{"line":9,"column":30}},"loc":{"start":{"line":9,"column":46},"end":{"line":12,"column":1}}},"2":{"name":"(anonymous_2)","decl":{"start":{"line":14,"column":22},"end":{"line":14,"column":23}},"loc":{"start":{"line":14,"column":39},"end":{"line":16,"column":1}}},"3":{"name":"(anonymous_3)","decl":{"start":{"line":18,"column":28},"end":{"line":18,"column":29}},"loc":{"start":{"line":18,"column":45},"end":{"line":26,"column":1}}},"4":{"name":"(anonymous_4)","decl":{"start":{"line":28,"column":24},"end":{"line":28,"column":25}},"loc":{"start":{"line":28,"column":37},"end":{"line":34,"column":1}}},"5":{"name":"(anonymous_5)","decl":{"start":{"line":36,"column":34},"end":{"line":36,"column":35}},"loc":{"start":{"line":36,"column":75},"end":{"line":38,"column":1}}},"6":{"name":"(anonymous_6)","decl":{"start":{"line":40,"column":25},"end":{"line":40,"column":26}},"loc":{"start":{"line":40,"column":54},"end":{"line":43,"column":1}}},"7":{"name":"(anonymous_7)","decl":{"start":{"line":45,"column":28},"end":{"line":45,"column":null}},"loc":{"start":{"line":46,"column":46},"end":{"line":51,"column":1}}}},"branchMap":{"0":{"loc":{"start":{"line":19,"column":2},"end":{"line":25,"column":null}},"type":"if","locations":[{"start":{"line":19,"column":2},"end":{"line":25,"column":null}},{"start":{"line":19,"column":2},"end":{"line":25,"column":null}}]},"1":{"loc":{"start":{"line":20,"column":4},"end":{"line":24,"column":null}},"type":"if","locations":[{"start":{"line":20,"column":4},"end":{"line":24,"column":null}},{"start":{"line":20,"column":4},"end":{"line":24,"column":null}}]},"2":{"loc":{"start":{"line":37,"column":34},"end":{"line":37,"column":36}},"type":"cond-expr","locations":[{"start":{"line":37,"column":34},"end":{"line":37,"column":36}},{"start":{"line":37,"column":27},"end":{"line":37,"column":49}}]},"3":{"loc":{"start":{"line":37,"column":27},"end":{"line":37,"column":36}},"type":"binary-expr","locations":[{"start":{"line":37,"column":27},"end":{"line":37,"column":36}},{"start":{"line":37,"column":27},"end":{"line":37,"column":36}}]},"4":{"loc":{"start":{"line":49,"column":4},"end":{"line":49,"column":45}},"type":"binary-expr","locations":[{"start":{"line":49,"column":4},"end":{"line":49,"column":45}},{"start":{"line":49,"column":50},"end":{"line":49,"column":87}}]},"5":{"loc":{"start":{"line":49,"column":32},"end":{"line":49,"column":34}},"type":"cond-expr","locations":[{"start":{"line":49,"column":32},"end":{"line":49,"column":34}},{"start":{"line":49,"column":32},"end":{"line":49,"column":45}}]},"6":{"loc":{"start":{"line":49,"column":4},"end":{"line":49,"column":34}},"type":"binary-expr","locations":[{"start":{"line":49,"column":4},"end":{"line":49,"column":34}},{"start":{"line":49,"column":32},"end":{"line":49,"column":34}}]}},"s":{"0":1,"1":1,"2":1,"3":0,"4":1,"5":0,"6":0,"7":1,"8":0,"9":1,"10":0,"11":0,"12":0,"13":0,"14":1,"15":0,"16":0,"17":0,"18":1,"19":0,"20":1,"21":0,"22":0,"23":1,"24":1},"f":{"0":0,"1":0,"2":0,"3":0,"4":0,"5":0,"6":0,"7":1},"b":{"0":[0,0],"1":[0,0],"2":[0,0],"3":[0,0],"4":[1,1],"5":[0,1],"6":[1,1]}}
}
